<<<<<<< HEAD:LaTeX/Trend_Analysis_2_col.log
This is pdfTeX, Version 3.14159265-2.6-1.40.16 (TeX Live 2015) (preloaded format=pdflatex 2015.8.17)  31 AUG 2016 07:55
||||||| merged common ancestors
This is pdfTeX, Version 3.14159265-2.6-1.40.16 (TeX Live 2015) (preloaded format=pdflatex 2015.11.2)  30 AUG 2016 17:11
=======
This is pdfTeX, Version 3.14159265-2.6-1.40.16 (TeX Live 2015/Debian) (preloaded format=pdflatex 2016.9.13)  13 SEP 2016 15:47
>>>>>>> 289fccc2a37dc7ce1180f363be63d8849d90e153:LaTeX/Trend_Analysis.log
entering extended mode
 restricted \write18 enabled.
 %&-line parsing enabled.
<<<<<<< HEAD:LaTeX/Trend_Analysis_2_col.log
**Trend_Analysis_2_col.tex
(./Trend_Analysis_2_col.tex
LaTeX2e <2015/01/01> patch level 2
Babel <3.9m> and hyphenation patterns for 79 languages loaded.
||||||| merged common ancestors
**Trend_Analysis.tex
(./Trend_Analysis.tex
LaTeX2e <2015/01/01>
Babel <3.9l> and hyphenation patterns for 79 languages loaded.
=======
**Trend_Analysis.tex
(./Trend_Analysis.tex
LaTeX2e <2016/02/01>
Babel <3.9q> and hyphenation patterns for 81 language(s) loaded.
>>>>>>> 289fccc2a37dc7ce1180f363be63d8849d90e153:LaTeX/Trend_Analysis.log
(./ametsoc.cls
\c@section=\count79
\c@subsection=\count80
\c@subsubsection=\count81
\c@paragraph=\count82
\c@subparagraph=\count83
\c@figure=\count84
\c@table=\count85
\abovecaptionskip=\skip41
\belowcaptionskip=\skip42
\bibindent=\dimen102
 (/usr/share/texlive/texmf-dist/tex/latex/graphics/graphicx.sty
Package: graphicx 2014/10/28 v1.0g Enhanced LaTeX Graphics (DPC,SPQR)

(/usr/share/texlive/texmf-dist/tex/latex/graphics/keyval.sty
Package: keyval 2014/10/28 v1.15 key=value parser (DPC)
\KV@toks@=\toks14
)
(/usr/share/texlive/texmf-dist/tex/latex/graphics/graphics.sty
Package: graphics 2016/01/03 v1.0q Standard LaTeX Graphics (DPC,SPQR)

(/usr/share/texlive/texmf-dist/tex/latex/graphics/trig.sty
Package: trig 2016/01/03 v1.10 sin cos tan (DPC)
)
(/usr/share/texlive/texmf-dist/tex/latex/latexconfig/graphics.cfg
File: graphics.cfg 2010/04/23 v1.9 graphics configuration of TeX Live
)
Package graphics Info: Driver file: pdftex.def on input line 95.

(/usr/share/texlive/texmf-dist/tex/latex/pdftex-def/pdftex.def
File: pdftex.def 2011/05/27 v0.06d Graphics/color for pdfTeX

(/usr/share/texlive/texmf-dist/tex/generic/oberdiek/infwarerr.sty
Package: infwarerr 2010/04/08 v1.3 Providing info/warning/error messages (HO)
)
(/usr/share/texlive/texmf-dist/tex/generic/oberdiek/ltxcmds.sty
Package: ltxcmds 2011/11/09 v1.22 LaTeX kernel commands for general use (HO)
)
\Gread@gobject=\count86
))
\Gin@req@height=\dimen103
\Gin@req@width=\dimen104
)
(/usr/share/texlive/texmf-dist/tex/latex/amsmath/amsmath.sty
Package: amsmath 2016/03/03 v2.15a AMS math features
\@mathmargin=\skip43

For additional information on amsmath, use the `?' option.
(/usr/share/texlive/texmf-dist/tex/latex/amsmath/amstext.sty
Package: amstext 2000/06/29 v2.01 AMS text

(/usr/share/texlive/texmf-dist/tex/latex/amsmath/amsgen.sty
File: amsgen.sty 1999/11/30 v2.0 generic functions
\@emptytoks=\toks15
\ex@=\dimen105
))
(/usr/share/texlive/texmf-dist/tex/latex/amsmath/amsbsy.sty
Package: amsbsy 1999/11/29 v1.2d Bold Symbols
\pmbraise@=\dimen106
)
(/usr/share/texlive/texmf-dist/tex/latex/amsmath/amsopn.sty
Package: amsopn 1999/12/14 v2.01 operator names
)
\inf@bad=\count87
LaTeX Info: Redefining \frac on input line 199.
\uproot@=\count88
\leftroot@=\count89
LaTeX Info: Redefining \overline on input line 297.
\classnum@=\count90
\DOTSCASE@=\count91
LaTeX Info: Redefining \ldots on input line 394.
LaTeX Info: Redefining \dots on input line 397.
LaTeX Info: Redefining \cdots on input line 518.
\Mathstrutbox@=\box26
\strutbox@=\box27
\big@size=\dimen107
LaTeX Font Info:    Redeclaring font encoding OML on input line 630.
LaTeX Font Info:    Redeclaring font encoding OMS on input line 631.
\macc@depth=\count92
\c@MaxMatrixCols=\count93
\dotsspace@=\muskip10
\c@parentequation=\count94
\dspbrk@lvl=\count95
\tag@help=\toks16
\row@=\count96
\column@=\count97
\maxfields@=\count98
\andhelp@=\toks17
\eqnshift@=\dimen108
\alignsep@=\dimen109
\tagshift@=\dimen110
\tagwidth@=\dimen111
\totwidth@=\dimen112
\lineht@=\dimen113
\@envbody=\toks18
\multlinegap=\skip44
\multlinetaggap=\skip45
\mathdisplay@stack=\toks19
LaTeX Info: Redefining \[ on input line 2735.
LaTeX Info: Redefining \] on input line 2736.
)
(/usr/share/texlive/texmf-dist/tex/latex/amsfonts/amsfonts.sty
Package: amsfonts 2013/01/14 v3.01 Basic AMSFonts support
\symAMSa=\mathgroup4
\symAMSb=\mathgroup5
LaTeX Font Info:    Overwriting math alphabet `\mathfrak' in version `bold'
(Font)                  U/euf/m/n --> U/euf/b/n on input line 106.
)
(/usr/share/texlive/texmf-dist/tex/latex/amsfonts/amssymb.sty
Package: amssymb 2013/01/14 v3.01 AMS font symbols
)
(/usr/share/texlive/texmf-dist/tex/latex/tools/bm.sty
Package: bm 2014/10/28 v1.1c Bold Symbol Support (DPC/FMi)
\symboldoperators=\mathgroup6
\symboldletters=\mathgroup7
\symboldsymbols=\mathgroup8
LaTeX Font Info:    Redeclaring math alphabet \mathbf on input line 141.
LaTeX Info: Redefining \bm on input line 207.
)
(/usr/share/texlive/texmf-dist/tex/latex/psnfss/helvet.sty
Package: helvet 2005/04/12 PSNFSS-v9.2a (WaS) 
)
(/usr/share/texlive/texmf-dist/tex/latex/psnfss/mathptmx.sty
Package: mathptmx 2005/04/12 PSNFSS-v9.2a Times w/ Math, improved (SPQR, WaS) 
LaTeX Font Info:    Redeclaring symbol font `operators' on input line 28.
LaTeX Font Info:    Overwriting symbol font `operators' in version `normal'
(Font)                  OT1/cmr/m/n --> OT1/ztmcm/m/n on input line 28.
LaTeX Font Info:    Overwriting symbol font `operators' in version `bold'
(Font)                  OT1/cmr/bx/n --> OT1/ztmcm/m/n on input line 28.
LaTeX Font Info:    Redeclaring symbol font `letters' on input line 29.
LaTeX Font Info:    Overwriting symbol font `letters' in version `normal'
(Font)                  OML/cmm/m/it --> OML/ztmcm/m/it on input line 29.
LaTeX Font Info:    Overwriting symbol font `letters' in version `bold'
(Font)                  OML/cmm/b/it --> OML/ztmcm/m/it on input line 29.
LaTeX Font Info:    Redeclaring symbol font `symbols' on input line 30.
LaTeX Font Info:    Overwriting symbol font `symbols' in version `normal'
(Font)                  OMS/cmsy/m/n --> OMS/ztmcm/m/n on input line 30.
LaTeX Font Info:    Overwriting symbol font `symbols' in version `bold'
(Font)                  OMS/cmsy/b/n --> OMS/ztmcm/m/n on input line 30.
LaTeX Font Info:    Redeclaring symbol font `largesymbols' on input line 31.
LaTeX Font Info:    Overwriting symbol font `largesymbols' in version `normal'
(Font)                  OMX/cmex/m/n --> OMX/ztmcm/m/n on input line 31.
LaTeX Font Info:    Overwriting symbol font `largesymbols' in version `bold'
(Font)                  OMX/cmex/m/n --> OMX/ztmcm/m/n on input line 31.
\symbold=\mathgroup9
\symitalic=\mathgroup10
LaTeX Font Info:    Redeclaring math alphabet \mathbf on input line 34.
LaTeX Font Info:    Redeclaring math alphabet \mathit on input line 35.
LaTeX Font Info:    Overwriting math alphabet `\mathit' in version `normal'
(Font)                  OT1/cmr/m/it --> OT1/ptm/m/it on input line 35.
LaTeX Font Info:    Overwriting math alphabet `\mathit' in version `bold'
(Font)                  OT1/cmr/bx/it --> OT1/ptm/m/it on input line 35.
LaTeX Info: Redefining \hbar on input line 50.
)
(/usr/share/texlive/texmf-dist/tex/latex/natbib/natbib.sty
Package: natbib 2010/09/13 8.31b (PWD, AO)
\bibhang=\skip46
\bibsep=\skip47
LaTeX Info: Redefining \cite on input line 694.
\c@NAT@ctr=\count99
)
<<<<<<< HEAD:LaTeX/Trend_Analysis_2_col.log
(/usr/local/texlive/texmf-local/tex/latex/html/url.sty
Package: url 1999/03/02  ver 1.4  Verb mode for urls, email addresses, and file
 names
||||||| merged common ancestors
(/usr/local/texlive/2015/texmf-dist/tex/latex/url/url.sty
\Urlmuskip=\muskip11
Package: url 2013/09/16  ver 3.4  Verb mode for urls, etc.
=======
(/usr/share/texlive/texmf-dist/tex/latex/url/url.sty
\Urlmuskip=\muskip11
Package: url 2013/09/16  ver 3.4  Verb mode for urls, etc.
>>>>>>> 289fccc2a37dc7ce1180f363be63d8849d90e153:LaTeX/Trend_Analysis.log
)
(/usr/share/texlive/texmf-dist/tex/latex/xcolor/xcolor.sty
Package: xcolor 2007/01/21 v2.11 LaTeX color extensions (UK)

(/usr/share/texlive/texmf-dist/tex/latex/latexconfig/color.cfg
File: color.cfg 2007/01/18 v1.5 color configuration of teTeX/TeXLive
)
Package xcolor Info: Driver file: pdftex.def on input line 225.
Package xcolor Info: Model `cmy' substituted by `cmy0' on input line 1337.
Package xcolor Info: Model `hsb' substituted by `rgb' on input line 1341.
Package xcolor Info: Model `RGB' extended on input line 1353.
Package xcolor Info: Model `HTML' substituted by `rgb' on input line 1355.
Package xcolor Info: Model `Hsb' substituted by `hsb' on input line 1356.
Package xcolor Info: Model `tHsb' substituted by `hsb' on input line 1357.
Package xcolor Info: Model `HSB' substituted by `hsb' on input line 1358.
Package xcolor Info: Model `Gray' substituted by `gray' on input line 1359.
Package xcolor Info: Model `wave' substituted by `hsb' on input line 1360.
)
(/usr/share/texlive/texmf-dist/tex/latex/tools/indentfirst.sty
Package: indentfirst 1995/11/23 v1.03 Indent first paragraph (DPC)
)
(/usr/share/texlive/texmf-dist/tex/latex/tools/multicol.sty
Package: multicol 2015/08/19 v1.8n multicolumn formatting (FMi)
\c@tracingmulticols=\count100
\mult@box=\box28
\multicol@leftmargin=\dimen114
\c@unbalance=\count101
\c@collectmore=\count102
\doublecol@number=\count103
\multicoltolerance=\count104
\multicolpretolerance=\count105
\full@width=\dimen115
\page@free=\dimen116
\premulticols=\dimen117
\postmulticols=\dimen118
\multicolsep=\skip48
\multicolbaselineskip=\skip49
\partial@page=\box29
\last@line=\box30
\maxbalancingoverflow=\dimen119
\mult@rightbox=\box31
\mult@grightbox=\box32
\mult@gfirstbox=\box33
\mult@firstbox=\box34
\@tempa=\box35
\@tempa=\box36
\@tempa=\box37
\@tempa=\box38
\@tempa=\box39
\@tempa=\box40
\@tempa=\box41
\@tempa=\box42
\@tempa=\box43
\@tempa=\box44
\@tempa=\box45
\@tempa=\box46
\@tempa=\box47
\@tempa=\box48
\@tempa=\box49
\@tempa=\box50
\@tempa=\box51
\c@columnbadness=\count106
\c@finalcolumnbadness=\count107
\last@try=\dimen120
\multicolovershoot=\dimen121
\multicolundershoot=\dimen122
\mult@nat@firstbox=\box52
\colbreak@box=\box53
\mc@col@check@num=\count108
)
(/usr/share/texlive/texmf-dist/tex/latex/base/ifthen.sty
Package: ifthen 2014/09/29 v1.1c Standard LaTeX ifthen package (DPC)
)
(/usr/share/texlive/texmf-dist/tex/latex/rotating/rotating.sty
Package: rotating 2009/03/28 v2.16a rotated objects in LaTeX
\c@r@tfl@t=\count109
\rotFPtop=\skip50
\rotFPbot=\skip51
\rot@float@box=\box54
\rot@mess@toks=\toks20
)
<<<<<<< HEAD:LaTeX/Trend_Analysis_2_col.log
\c@extraauth=\count110
\c@loopnum=\count111
\thanksnum=\count112
\savethanksnum=\count113
||||||| merged common ancestors
(/usr/local/texlive/2015/texmf-dist/tex/latex/endfloat/endfloat.sty
Package: endfloat 2011/12/25 v2.5d LaTeX2e package puts figures and tables at e
nd (jdm)
\c@posttable=\count110
\efloat@postttt=\write3
\@ef@tttopen=\count111
\c@postfigure=\count112
\efloat@postfff=\write4
\@ef@fffopen=\count113
)
(/usr/local/texlive/2015/texmf-dist/tex/latex/lineno/lineno.sty
Package: lineno 2005/11/02 line numbers on paragraphs v4.41
\linenopenalty=\count114
\output=\toks21
\linenoprevgraf=\count115
\linenumbersep=\dimen123
\linenumberwidth=\dimen124
\c@linenumber=\count116
\c@pagewiselinenumber=\count117
\c@LN@truepage=\count118
\c@internallinenumber=\count119
\c@internallinenumbers=\count120
\quotelinenumbersep=\dimen125
\bframerule=\dimen126
\bframesep=\dimen127
\bframebox=\box55
LaTeX Info: Redefining \\ on input line 3056.
)
\c@extraauth=\count121
\c@loopnum=\count122
\thanksnum=\count123
\savethanksnum=\count124
=======
(/usr/share/texlive/texmf-dist/tex/latex/endfloat/endfloat.sty
Package: endfloat 2011/12/25 v2.5d LaTeX2e package puts figures and tables at e
nd (jdm)
\c@posttable=\count110
\efloat@postttt=\write3
\@ef@tttopen=\count111
\c@postfigure=\count112
\efloat@postfff=\write4
\@ef@fffopen=\count113
)
(/usr/share/texlive/texmf-dist/tex/latex/lineno/lineno.sty
Package: lineno 2005/11/02 line numbers on paragraphs v4.41
\linenopenalty=\count114
\output=\toks21
\linenoprevgraf=\count115
\linenumbersep=\dimen123
\linenumberwidth=\dimen124
\c@linenumber=\count116
\c@pagewiselinenumber=\count117
\c@LN@truepage=\count118
\c@internallinenumber=\count119
\c@internallinenumbers=\count120
\quotelinenumbersep=\dimen125
\bframerule=\dimen126
\bframesep=\dimen127
\bframebox=\box55
LaTeX Info: Redefining \\ on input line 3056.
)
\c@extraauth=\count121
\c@loopnum=\count122
\thanksnum=\count123
\savethanksnum=\count124
>>>>>>> 289fccc2a37dc7ce1180f363be63d8849d90e153:LaTeX/Trend_Analysis.log
)
(/usr/share/texlive/texmf-dist/tex/latex/base/alltt.sty
Package: alltt 1997/06/16 v2.0g defines alltt environment
)
<<<<<<< HEAD:LaTeX/Trend_Analysis_2_col.log
(/usr/local/texlive/2015/texmf-dist/tex/latex/siunitx/siunitx.sty
(/usr/local/texlive/2015/texmf-dist/tex/latex/l3kernel/expl3.sty
Package: expl3 2015/07/30 v5724 L3 programming layer (loader) 

(/usr/local/texlive/2015/texmf-dist/tex/latex/l3kernel/expl3-code.tex
Package: expl3 2015/07/30 v5724 L3 programming layer (code) 
L3 Module: l3bootstrap 2015/07/30 v5721 L3 Bootstrap code
L3 Module: l3names 2015/07/28 v5705 L3 Namespace for primitives
L3 Module: l3basics 2015/01/27 v5500 L3 Basic definitions
L3 Module: l3expan 2014/11/27 v5472 L3 Argument expansion
L3 Module: l3tl 2015/07/14 v5659 L3 Token lists
L3 Module: l3str 2015/07/14 v5659 L3 Strings
L3 Module: l3seq 2015/07/24 v5681 L3 Sequences and stacks
L3 Module: l3int 2015/07/14 v5659 L3 Integers
\c_max_int=\count114
\l_tmpa_int=\count115
\l_tmpb_int=\count116
\g_tmpa_int=\count117
\g_tmpb_int=\count118
L3 Module: l3quark 2015/07/14 v5659 L3 Quarks
L3 Module: l3prg 2015/07/30 v5722 L3 Control structures
\g__prg_map_int=\count119
L3 Module: l3clist 2014/08/23 v5354 L3 Comma separated lists
L3 Module: l3token 2014/09/15 v5422 L3 Experimental token manipulation
L3 Module: l3prop 2014/08/23 v5354 L3 Property lists
L3 Module: l3msg 2015/02/26 v5537 L3 Messages
L3 Module: l3file 2015/07/30 v5714 L3 File and I/O operations
\l_iow_line_count_int=\count120
\l__iow_target_count_int=\count121
\l__iow_current_line_int=\count122
\l__iow_current_word_int=\count123
\l__iow_current_indentation_int=\count124
L3 Module: l3skip 2015/07/14 v5659 L3 Dimensions and skips
\c_zero_dim=\dimen123
\c_max_dim=\dimen124
\l_tmpa_dim=\dimen125
\l_tmpb_dim=\dimen126
\g_tmpa_dim=\dimen127
\g_tmpb_dim=\dimen128
||||||| merged common ancestors
(/usr/local/texlive/2015/texmf-dist/tex/latex/siunitx/siunitx.sty
(/usr/local/texlive/2015/texmf-dist/tex/latex/l3kernel/expl3.sty
Package: expl3 2015/03/01 v5547 L3 programming layer (loader) 

(/usr/local/texlive/2015/texmf-dist/tex/latex/l3kernel/expl3-code.tex
Package: expl3 2015/03/01 v5547 L3 programming layer (code) 
L3 Module: l3bootstrap 2015/02/28 v5542 L3 Bootstrap code
L3 Module: l3names 2015/02/24 v5535 L3 Namespace for primitives
L3 Module: l3basics 2015/01/27 v5500 L3 Basic definitions
L3 Module: l3expan 2014/11/27 v5472 L3 Argument expansion
L3 Module: l3tl 2015/01/27 v5500 L3 Token lists
L3 Module: l3str 2015/03/01 v5545 L3 Strings
L3 Module: l3seq 2014/08/23 v5354 L3 Sequences and stacks
L3 Module: l3int 2015/02/21 v5529 L3 Integers
\c_max_int=\count125
\l_tmpa_int=\count126
\l_tmpb_int=\count127
\g_tmpa_int=\count128
\g_tmpb_int=\count129
L3 Module: l3quark 2014/08/23 v5354 L3 Quarks
L3 Module: l3prg 2014/08/23 v5354 L3 Control structures
\g__prg_map_int=\count130
L3 Module: l3clist 2014/08/23 v5354 L3 Comma separated lists
L3 Module: l3token 2014/09/15 v5422 L3 Experimental token manipulation
L3 Module: l3prop 2014/08/23 v5354 L3 Property lists
L3 Module: l3msg 2015/02/26 v5537 L3 Messages
L3 Module: l3file 2014/08/24 v5369 L3 File and I/O operations
\l_iow_line_count_int=\count131
\l__iow_target_count_int=\count132
\l__iow_current_line_int=\count133
\l__iow_current_word_int=\count134
\l__iow_current_indentation_int=\count135
L3 Module: l3skip 2014/08/23 v5354 L3 Dimensions and skips
\c_zero_dim=\dimen128
\c_max_dim=\dimen129
\l_tmpa_dim=\dimen130
\l_tmpb_dim=\dimen131
\g_tmpa_dim=\dimen132
\g_tmpb_dim=\dimen133
=======
(/usr/share/texlive/texmf-dist/tex/latex/siunitx/siunitx.sty
(/usr/share/texlive/texmf-dist/tex/latex/l3kernel/expl3.sty
Package: expl3 2016/01/19 v6377 L3 programming layer (loader) 

(/usr/share/texlive/texmf-dist/tex/latex/l3kernel/expl3-code.tex
Package: expl3 2016/01/19 v6377 L3 programming layer (code)
L3 Module: l3bootstrap 2016/01/01 v6339 L3 Bootstrap code
L3 Module: l3names 2015/12/21 v6328 L3 Namespace for primitives
L3 Module: l3basics 2015/11/22 v6315 L3 Basic definitions
L3 Module: l3expan 2015/09/10 v5983 L3 Argument expansion
L3 Module: l3tl 2015/09/29 v6121 L3 Token lists
L3 Module: l3str 2016/01/03 v6357 L3 Strings
L3 Module: l3seq 2015/08/05 v5777 L3 Sequences and stacks
L3 Module: l3int 2016/01/05 v6366 L3 Integers
\c_max_int=\count125
\l_tmpa_int=\count126
\l_tmpb_int=\count127
\g_tmpa_int=\count128
\g_tmpb_int=\count129
L3 Module: l3quark 2015/08/17 v5855 L3 Quarks
L3 Module: l3prg 2015/11/01 v6216 L3 Control structures
\g__prg_map_int=\count130
L3 Module: l3clist 2015/09/02 v5901 L3 Comma separated lists
L3 Module: l3token 2015/11/11 v6249 L3 Experimental token manipulation
L3 Module: l3prop 2016/01/05 v6366 L3 Property lists
L3 Module: l3msg 2015/09/28 v6113 L3 Messages
L3 Module: l3file 2015/12/03 v6317 L3 File and I/O operations
\l_iow_line_count_int=\count131
\l__iow_target_count_int=\count132
\l__iow_current_line_int=\count133
\l__iow_current_word_int=\count134
\l__iow_current_indentation_int=\count135
L3 Module: l3skip 2016/01/05 v6366 L3 Dimensions and skips
\c_zero_dim=\dimen128
\c_max_dim=\dimen129
\l_tmpa_dim=\dimen130
\l_tmpb_dim=\dimen131
\g_tmpa_dim=\dimen132
\g_tmpb_dim=\dimen133
>>>>>>> 289fccc2a37dc7ce1180f363be63d8849d90e153:LaTeX/Trend_Analysis.log
\c_zero_skip=\skip52
\c_max_skip=\skip53
\l_tmpa_skip=\skip54
\l_tmpb_skip=\skip55
\g_tmpa_skip=\skip56
\g_tmpb_skip=\skip57
<<<<<<< HEAD:LaTeX/Trend_Analysis_2_col.log
\c_zero_muskip=\muskip11
\c_max_muskip=\muskip12
\l_tmpa_muskip=\muskip13
\l_tmpb_muskip=\muskip14
\g_tmpa_muskip=\muskip15
\g_tmpb_muskip=\muskip16
L3 Module: l3keys 2015/07/26 v5684 L3 Key-value interfaces
\g__keyval_level_int=\count125
\l_keys_choice_int=\count126
L3 Module: l3fp 2015/07/09 v5652 L3 Floating points
\c__fp_leading_shift_int=\count127
\c__fp_middle_shift_int=\count128
\c__fp_trailing_shift_int=\count129
\c__fp_big_leading_shift_int=\count130
\c__fp_big_middle_shift_int=\count131
\c__fp_big_trailing_shift_int=\count132
\c__fp_Bigg_leading_shift_int=\count133
\c__fp_Bigg_middle_shift_int=\count134
\c__fp_Bigg_trailing_shift_int=\count135
L3 Module: l3box 2014/08/23 v5354 L3 Experimental boxes
\c_empty_box=\box55
\l_tmpa_box=\box56
\l_tmpb_box=\box57
\g_tmpa_box=\box58
\g_tmpb_box=\box59
L3 Module: l3coffins 2014/08/23 v5354 L3 Coffin code layer
\l__coffin_internal_box=\box60
\l__coffin_internal_dim=\dimen129
\l__coffin_offset_x_dim=\dimen130
\l__coffin_offset_y_dim=\dimen131
\l__coffin_x_dim=\dimen132
\l__coffin_y_dim=\dimen133
\l__coffin_x_prime_dim=\dimen134
\l__coffin_y_prime_dim=\dimen135
\c_empty_coffin=\box61
\l__coffin_aligned_coffin=\box62
\l__coffin_aligned_internal_coffin=\box63
\l_tmpa_coffin=\box64
\l_tmpb_coffin=\box65
\l__coffin_display_coffin=\box66
\l__coffin_display_coord_coffin=\box67
\l__coffin_display_pole_coffin=\box68
\l__coffin_display_offset_dim=\dimen136
\l__coffin_display_x_dim=\dimen137
\l__coffin_display_y_dim=\dimen138
||||||| merged common ancestors
\c_zero_muskip=\muskip12
\c_max_muskip=\muskip13
\l_tmpa_muskip=\muskip14
\l_tmpb_muskip=\muskip15
\g_tmpa_muskip=\muskip16
\g_tmpb_muskip=\muskip17
L3 Module: l3keys 2015/01/27 v5500 L3 Key-value interfaces
\g__keyval_level_int=\count136
\l_keys_choice_int=\count137
L3 Module: l3fp 2014/08/22 v5336 L3 Floating points
\c__fp_leading_shift_int=\count138
\c__fp_middle_shift_int=\count139
\c__fp_trailing_shift_int=\count140
\c__fp_big_leading_shift_int=\count141
\c__fp_big_middle_shift_int=\count142
\c__fp_big_trailing_shift_int=\count143
\c__fp_Bigg_leading_shift_int=\count144
\c__fp_Bigg_middle_shift_int=\count145
\c__fp_Bigg_trailing_shift_int=\count146
L3 Module: l3box 2014/08/23 v5354 L3 Experimental boxes
\c_empty_box=\box56
\l_tmpa_box=\box57
\l_tmpb_box=\box58
\g_tmpa_box=\box59
\g_tmpb_box=\box60
L3 Module: l3coffins 2014/08/23 v5354 L3 Coffin code layer
\l__coffin_internal_box=\box61
\l__coffin_internal_dim=\dimen134
\l__coffin_offset_x_dim=\dimen135
\l__coffin_offset_y_dim=\dimen136
\l__coffin_x_dim=\dimen137
\l__coffin_y_dim=\dimen138
\l__coffin_x_prime_dim=\dimen139
\l__coffin_y_prime_dim=\dimen140
\c_empty_coffin=\box62
\l__coffin_aligned_coffin=\box63
\l__coffin_aligned_internal_coffin=\box64
\l_tmpa_coffin=\box65
\l_tmpb_coffin=\box66
\l__coffin_display_coffin=\box67
\l__coffin_display_coord_coffin=\box68
\l__coffin_display_pole_coffin=\box69
\l__coffin_display_offset_dim=\dimen141
\l__coffin_display_x_dim=\dimen142
\l__coffin_display_y_dim=\dimen143
=======
\c_zero_muskip=\muskip12
\c_max_muskip=\muskip13
\l_tmpa_muskip=\muskip14
\l_tmpb_muskip=\muskip15
\g_tmpa_muskip=\muskip16
\g_tmpb_muskip=\muskip17
L3 Module: l3keys 2015/11/17 v6284 L3 Key-value interfaces
\g__keyval_level_int=\count136
\l_keys_choice_int=\count137
L3 Module: l3fp 2015/08/25 v5890 L3 Floating points
\c__fp_leading_shift_int=\count138
\c__fp_middle_shift_int=\count139
\c__fp_trailing_shift_int=\count140
\c__fp_big_leading_shift_int=\count141
\c__fp_big_middle_shift_int=\count142
\c__fp_big_trailing_shift_int=\count143
\c__fp_Bigg_leading_shift_int=\count144
\c__fp_Bigg_middle_shift_int=\count145
\c__fp_Bigg_trailing_shift_int=\count146
L3 Module: l3box 2015/08/09 v5822 L3 Experimental boxes
\c_empty_box=\box56
\l_tmpa_box=\box57
\l_tmpb_box=\box58
\g_tmpa_box=\box59
\g_tmpb_box=\box60
L3 Module: l3coffins 2015/08/06 v5789 L3 Coffin code layer
\l__coffin_internal_box=\box61
\l__coffin_internal_dim=\dimen134
\l__coffin_offset_x_dim=\dimen135
\l__coffin_offset_y_dim=\dimen136
\l__coffin_x_dim=\dimen137
\l__coffin_y_dim=\dimen138
\l__coffin_x_prime_dim=\dimen139
\l__coffin_y_prime_dim=\dimen140
\c_empty_coffin=\box62
\l__coffin_aligned_coffin=\box63
\l__coffin_aligned_internal_coffin=\box64
\l_tmpa_coffin=\box65
\l_tmpb_coffin=\box66
\l__coffin_display_coffin=\box67
\l__coffin_display_coord_coffin=\box68
\l__coffin_display_pole_coffin=\box69
\l__coffin_display_offset_dim=\dimen141
\l__coffin_display_x_dim=\dimen142
\l__coffin_display_y_dim=\dimen143
>>>>>>> 289fccc2a37dc7ce1180f363be63d8849d90e153:LaTeX/Trend_Analysis.log
L3 Module: l3color 2014/08/23 v5354 L3 Experimental color support
<<<<<<< HEAD:LaTeX/Trend_Analysis_2_col.log
L3 Module: l3candidates 2015/07/22 v5677 L3 Experimental additions to l3kernel
\l__box_top_dim=\dimen139
\l__box_bottom_dim=\dimen140
\l__box_left_dim=\dimen141
\l__box_right_dim=\dimen142
\l__box_top_new_dim=\dimen143
\l__box_bottom_new_dim=\dimen144
\l__box_left_new_dim=\dimen145
\l__box_right_new_dim=\dimen146
\l__box_internal_box=\box69
\l__coffin_bounding_shift_dim=\dimen147
\l__coffin_left_corner_dim=\dimen148
\l__coffin_right_corner_dim=\dimen149
\l__coffin_bottom_corner_dim=\dimen150
\l__coffin_top_corner_dim=\dimen151
\l__coffin_scaled_total_height_dim=\dimen152
\l__coffin_scaled_width_dim=\dimen153
L3 Module: l3luatex 2015/06/30 v5646 L3 Experimental LuaTeX-specific functions
||||||| merged common ancestors
L3 Module: l3candidates 2015/03/01 v5544 L3 Experimental additions to l3kernel
\l__box_top_dim=\dimen144
\l__box_bottom_dim=\dimen145
\l__box_left_dim=\dimen146
\l__box_right_dim=\dimen147
\l__box_top_new_dim=\dimen148
\l__box_bottom_new_dim=\dimen149
\l__box_left_new_dim=\dimen150
\l__box_right_new_dim=\dimen151
\l__box_internal_box=\box70
\l__coffin_bounding_shift_dim=\dimen152
\l__coffin_left_corner_dim=\dimen153
\l__coffin_right_corner_dim=\dimen154
\l__coffin_bottom_corner_dim=\dimen155
\l__coffin_top_corner_dim=\dimen156
\l__coffin_scaled_total_height_dim=\dimen157
\l__coffin_scaled_width_dim=\dimen158
=======
L3 Module: l3sys 2015/09/25 v6087 L3 Experimental system/runtime functions
L3 Module: l3candidates 2016/01/14 v6376 L3 Experimental additions to l3kernel
\l__box_top_dim=\dimen144
\l__box_bottom_dim=\dimen145
\l__box_left_dim=\dimen146
\l__box_right_dim=\dimen147
\l__box_top_new_dim=\dimen148
\l__box_bottom_new_dim=\dimen149
\l__box_left_new_dim=\dimen150
\l__box_right_new_dim=\dimen151
\l__box_internal_box=\box70
\l__coffin_bounding_shift_dim=\dimen152
\l__coffin_left_corner_dim=\dimen153
\l__coffin_right_corner_dim=\dimen154
\l__coffin_bottom_corner_dim=\dimen155
\l__coffin_top_corner_dim=\dimen156
\l__coffin_scaled_total_height_dim=\dimen157
\l__coffin_scaled_width_dim=\dimen158
L3 Module: l3luatex 2015/11/11 v6250 L3 Experimental LuaTeX-specific functions
>>>>>>> 289fccc2a37dc7ce1180f363be63d8849d90e153:LaTeX/Trend_Analysis.log
)
<<<<<<< HEAD:LaTeX/Trend_Analysis_2_col.log
(/usr/local/texlive/2015/texmf-dist/tex/latex/l3kernel/l3unicode-data.def
File: l3unicode-data.def 2015/07/20 v-1 L3 Unicode data
)
(/usr/local/texlive/2015/texmf-dist/tex/latex/l3kernel/l3pdfmode.def
File: l3pdfmode.def 2015/06/30 v5646 L3 Experimental driver: PDF mode
\l__driver_color_stack_int=\count136
||||||| merged common ancestors
(/usr/local/texlive/2015/texmf-dist/tex/latex/l3kernel/l3unicode-data.def
File: l3unicode-data.def 2015/03/01 v5544 L3 Unicode data
)
(/usr/local/texlive/2015/texmf-dist/tex/latex/l3kernel/l3pdfmode.def
File: l3pdfmode.def 2015/03/01 v5544 L3 Experimental driver: PDF mode
\l__driver_color_stack_int=\count147
=======
(/usr/share/texlive/texmf-dist/tex/latex/l3kernel/l3pdfmode.def
File: l3pdfmode.def 2015/11/11 v6250 L3 Experimental driver: PDF mode
\l__driver_color_stack_int=\count147
>>>>>>> 289fccc2a37dc7ce1180f363be63d8849d90e153:LaTeX/Trend_Analysis.log
))
<<<<<<< HEAD:LaTeX/Trend_Analysis_2_col.log
(/usr/local/texlive/2015/texmf-dist/tex/latex/l3packages/xparse/xparse.sty
Package: xparse 2015/07/28 v5700 L3 Experimental document command parser
\l__xparse_current_arg_int=\count137
\l__xparse_m_args_int=\count138
\l__xparse_mandatory_args_int=\count139
\l__xparse_processor_int=\count140
\l__xparse_v_nesting_int=\count141
||||||| merged common ancestors
(/usr/local/texlive/2015/texmf-dist/tex/latex/l3packages/xparse/xparse.sty
Package: xparse 2014/11/25 v5471 L3 Experimental document command parser
\l__xparse_current_arg_int=\count148
\l__xparse_m_args_int=\count149
\l__xparse_mandatory_args_int=\count150
\l__xparse_processor_int=\count151
\l__xparse_v_nesting_int=\count152
=======
(/usr/share/texlive/texmf-dist/tex/latex/l3packages/xparse/xparse.sty
Package: xparse 2016/01/19 v6377 L3 Experimental document command parser
\l__xparse_current_arg_int=\count148
\l__xparse_m_args_int=\count149
\l__xparse_mandatory_args_int=\count150
\l__xparse_processor_int=\count151
\l__xparse_v_nesting_int=\count152
>>>>>>> 289fccc2a37dc7ce1180f363be63d8849d90e153:LaTeX/Trend_Analysis.log
)
<<<<<<< HEAD:LaTeX/Trend_Analysis_2_col.log
Package: siunitx 2015/07/17 v2.6h A comprehensive (SI) units package
||||||| merged common ancestors
Package: siunitx 2015/01/21 v2.6e A comprehensive (SI) units package
=======
Package: siunitx 2016/03/01 v2.6q A comprehensive (SI) units package
>>>>>>> 289fccc2a37dc7ce1180f363be63d8849d90e153:LaTeX/Trend_Analysis.log

(/usr/share/texlive/texmf-dist/tex/latex/tools/array.sty
Package: array 2014/10/28 v2.4c Tabular extension package (FMi)
\col@sep=\dimen154
\extrarowheight=\dimen155
\NC@list=\toks21
\extratabsurround=\skip58
\backup@length=\skip59
)
<<<<<<< HEAD:LaTeX/Trend_Analysis_2_col.log
(/usr/local/texlive/2015/texmf-dist/tex/latex/l3packages/l3keys2e/l3keys2e.sty
Package: l3keys2e 2015/07/28 v5700 LaTeX2e option processing using LaTeX3 keys
||||||| merged common ancestors
(/usr/local/texlive/2015/texmf-dist/tex/latex/l3packages/l3keys2e/l3keys2e.sty
Package: l3keys2e 2014/11/25 v5471 LaTeX2e option processing using LaTeX3 keys
=======
(/usr/share/texlive/texmf-dist/tex/latex/l3packages/l3keys2e/l3keys2e.sty
Package: l3keys2e 2016/01/19 v6377 LaTeX2e option processing using LaTeX3 keys
>>>>>>> 289fccc2a37dc7ce1180f363be63d8849d90e153:LaTeX/Trend_Analysis.log
)
<<<<<<< HEAD:LaTeX/Trend_Analysis_2_col.log
Variant \tl_if_blank:VTF already defined; not changing it on line 50
\l__siunitx_tmp_box=\box70
\l__siunitx_tmp_dim=\dimen156
\l__siunitx_tmp_int=\count142
Variant \prop_get:NVNT already defined; not changing it on line 380
Variant \prop_get:NVNF already defined; not changing it on line 381
Variant \prop_get:NVNTF already defined; not changing it on line 382
\l__siunitx_number_mantissa_length_int=\count143
\l__siunitx_number_uncert_length_int=\count144
\l__siunitx_round_int=\count145
\l__siunitx_process_decimal_int=\count146
\l__siunitx_process_uncertainty_int=\count147
\l__siunitx_process_fixed_int=\count148
\l__siunitx_process_integer_min_int=\count149
\l__siunitx_process_precision_int=\count150
\l__siunitx_group_min_int=\count151
\l__siunitx_angle_marker_box=\box71
\l__siunitx_angle_unit_box=\box72
\l__siunitx_angle_marker_dim=\dimen157
\l__siunitx_angle_unit_dim=\dimen158
\l__siunitx_unit_int=\count152
\l__siunitx_unit_denominator_int=\count153
\l__siunitx_unit_numerator_int=\count154
\l__siunitx_unit_prefix_int=\count155
\l__siunitx_unit_prefix_base_int=\count156
\l__siunitx_unit_prefix_gram_int=\count157
\l__siunitx_number_product_int=\count158
||||||| merged common ancestors
Variant \tl_if_blank:VTF already defined; not changing it on line 50
\l__siunitx_tmp_box=\box71
\l__siunitx_tmp_dim=\dimen161
\l__siunitx_tmp_int=\count153
Variant \prop_get:NVNT already defined; not changing it on line 380
Variant \prop_get:NVNF already defined; not changing it on line 381
Variant \prop_get:NVNTF already defined; not changing it on line 382
\l__siunitx_number_mantissa_length_int=\count154
\l__siunitx_number_uncert_length_int=\count155
\l__siunitx_round_int=\count156
\l__siunitx_process_decimal_int=\count157
\l__siunitx_process_uncertainty_int=\count158
\l__siunitx_process_fixed_int=\count159
\l__siunitx_process_integer_min_int=\count160
\l__siunitx_process_precision_int=\count161
\l__siunitx_group_min_int=\count162
\l__siunitx_angle_marker_box=\box72
\l__siunitx_angle_unit_box=\box73
\l__siunitx_angle_marker_dim=\dimen162
\l__siunitx_angle_unit_dim=\dimen163
\l__siunitx_unit_int=\count163
\l__siunitx_unit_denominator_int=\count164
\l__siunitx_unit_numerator_int=\count165
\l__siunitx_unit_prefix_int=\count166
\l__siunitx_unit_prefix_base_int=\count167
\l__siunitx_unit_prefix_gram_int=\count168
\l__siunitx_number_product_int=\count169
=======
\l__siunitx_tmp_box=\box71
\l__siunitx_tmp_dim=\dimen161
\l__siunitx_tmp_int=\count153
\l__siunitx_number_mantissa_length_int=\count154
\l__siunitx_number_uncert_length_int=\count155
\l__siunitx_round_int=\count156
\l__siunitx_process_decimal_int=\count157
\l__siunitx_process_uncertainty_int=\count158
\l__siunitx_process_fixed_int=\count159
\l__siunitx_process_integer_min_int=\count160
\l__siunitx_process_precision_int=\count161
\l__siunitx_group_min_int=\count162
\l__siunitx_angle_marker_box=\box72
\l__siunitx_angle_unit_box=\box73
\l__siunitx_angle_marker_dim=\dimen162
\l__siunitx_angle_unit_dim=\dimen163
\l__siunitx_unit_int=\count163
\l__siunitx_unit_denominator_int=\count164
\l__siunitx_unit_numerator_int=\count165
\l__siunitx_unit_prefix_int=\count166
\l__siunitx_unit_prefix_base_int=\count167
\l__siunitx_unit_prefix_gram_int=\count168
\l__siunitx_number_product_int=\count169
>>>>>>> 289fccc2a37dc7ce1180f363be63d8849d90e153:LaTeX/Trend_Analysis.log
\c__siunitx_one_fill_skip=\skip60
\l__siunitx_table_unit_align_skip=\skip61
\l__siunitx_table_exponent_dim=\dimen159
\l__siunitx_table_integer_dim=\dimen160
\l__siunitx_table_mantissa_dim=\dimen161
\l__siunitx_table_marker_dim=\dimen162
\l__siunitx_table_result_dim=\dimen163
\l__siunitx_table_uncert_dim=\dimen164
\l__siunitx_table_fill_pre_dim=\dimen165
\l__siunitx_table_fill_post_dim=\dimen166
\l__siunitx_table_fill_mid_dim=\dimen167
\l__siunitx_table_pre_box=\box73
\l__siunitx_table_post_box=\box74
\l__siunitx_table_mantissa_box=\box75
\l__siunitx_table_result_box=\box76
\l__siunitx_table_number_align_skip=\skip62
\l__siunitx_table_text_align_skip=\skip63
.................................................
. LaTeX info: "xparse/define-command"
. 
<<<<<<< HEAD:LaTeX/Trend_Analysis_2_col.log
. Defining command \DeclareBinaryPrefix with sig. 'mmm' on line 7184.
||||||| merged common ancestors
. Defining command \DeclareBinaryPrefix with sig. 'mmm' on line 7176.
=======
. Defining command \DeclareBinaryPrefix with sig. 'mmm' on line 7218.
>>>>>>> 289fccc2a37dc7ce1180f363be63d8849d90e153:LaTeX/Trend_Analysis.log
.................................................
.................................................
. LaTeX info: "xparse/define-command"
. 
<<<<<<< HEAD:LaTeX/Trend_Analysis_2_col.log
. Defining command \DeclareSIPostPower with sig. 'mm' on line 7187.
||||||| merged common ancestors
. Defining command \DeclareSIPostPower with sig. 'mm' on line 7179.
=======
. Defining command \DeclareSIPostPower with sig. 'mm' on line 7221.
>>>>>>> 289fccc2a37dc7ce1180f363be63d8849d90e153:LaTeX/Trend_Analysis.log
.................................................
.................................................
. LaTeX info: "xparse/define-command"
. 
<<<<<<< HEAD:LaTeX/Trend_Analysis_2_col.log
. Defining command \DeclareSIPrefix with sig. 'mmm' on line 7190.
||||||| merged common ancestors
. Defining command \DeclareSIPrefix with sig. 'mmm' on line 7182.
=======
. Defining command \DeclareSIPrefix with sig. 'mmm' on line 7224.
>>>>>>> 289fccc2a37dc7ce1180f363be63d8849d90e153:LaTeX/Trend_Analysis.log
.................................................
.................................................
. LaTeX info: "xparse/define-command"
. 
<<<<<<< HEAD:LaTeX/Trend_Analysis_2_col.log
. Defining command \DeclareSIPrePower with sig. 'mm' on line 7193.
||||||| merged common ancestors
. Defining command \DeclareSIPrePower with sig. 'mm' on line 7185.
=======
. Defining command \DeclareSIPrePower with sig. 'mm' on line 7227.
>>>>>>> 289fccc2a37dc7ce1180f363be63d8849d90e153:LaTeX/Trend_Analysis.log
.................................................
.................................................
. LaTeX info: "xparse/define-command"
. 
<<<<<<< HEAD:LaTeX/Trend_Analysis_2_col.log
. Defining command \DeclareSIQualifier with sig. 'mm' on line 7196.
||||||| merged common ancestors
. Defining command \DeclareSIQualifier with sig. 'mm' on line 7188.
=======
. Defining command \DeclareSIQualifier with sig. 'mm' on line 7230.
>>>>>>> 289fccc2a37dc7ce1180f363be63d8849d90e153:LaTeX/Trend_Analysis.log
.................................................
.................................................
. LaTeX info: "xparse/define-command"
. 
<<<<<<< HEAD:LaTeX/Trend_Analysis_2_col.log
. Defining command \DeclareSIUnit with sig. 'O{}mm' on line 7199.
||||||| merged common ancestors
. Defining command \DeclareSIUnit with sig. 'O{}mm' on line 7191.
=======
. Defining command \DeclareSIUnit with sig. 'O{}mm' on line 7233.
>>>>>>> 289fccc2a37dc7ce1180f363be63d8849d90e153:LaTeX/Trend_Analysis.log
.................................................
.................................................
. LaTeX info: "xparse/define-command"
. 
<<<<<<< HEAD:LaTeX/Trend_Analysis_2_col.log
. Defining command \DeclareSIUnitWithOptions with sig. 'mmm' on line 7202.
||||||| merged common ancestors
. Defining command \DeclareSIUnitWithOptions with sig. 'mmm' on line 7194.
=======
. Defining command \DeclareSIUnitWithOptions with sig. 'mmm' on line 7236.
>>>>>>> 289fccc2a37dc7ce1180f363be63d8849d90e153:LaTeX/Trend_Analysis.log
.................................................
.................................................
. LaTeX info: "xparse/define-command"
. 
<<<<<<< HEAD:LaTeX/Trend_Analysis_2_col.log
. Defining command \ang with sig. 'o>{\SplitArgument {2}{;}}m' on line 7217.
||||||| merged common ancestors
. Defining command \ang with sig. 'o>{\SplitArgument {2}{;}}m' on line 7209.
=======
. Defining command \ang with sig. 'o>{\SplitArgument {2}{;}}m' on line 7251.
>>>>>>> 289fccc2a37dc7ce1180f363be63d8849d90e153:LaTeX/Trend_Analysis.log
.................................................
.................................................
. LaTeX info: "xparse/define-command"
. 
<<<<<<< HEAD:LaTeX/Trend_Analysis_2_col.log
. Defining command \num with sig. 'om' on line 7225.
||||||| merged common ancestors
. Defining command \num with sig. 'om' on line 7217.
=======
. Defining command \num with sig. 'om' on line 7260.
>>>>>>> 289fccc2a37dc7ce1180f363be63d8849d90e153:LaTeX/Trend_Analysis.log
.................................................
.................................................
. LaTeX info: "xparse/define-command"
. 
<<<<<<< HEAD:LaTeX/Trend_Analysis_2_col.log
. Defining command \numlist with sig. 'o>{\SplitList {;}}m' on line 7233.
||||||| merged common ancestors
. Defining command \numlist with sig. 'o>{\SplitList {;}}m' on line 7225.
=======
. Defining command \numlist with sig. 'o>{\SplitList {;}}m' on line 7269.
>>>>>>> 289fccc2a37dc7ce1180f363be63d8849d90e153:LaTeX/Trend_Analysis.log
.................................................
.................................................
. LaTeX info: "xparse/define-command"
. 
<<<<<<< HEAD:LaTeX/Trend_Analysis_2_col.log
. Defining command \numrange with sig. 'omm' on line 7241.
||||||| merged common ancestors
. Defining command \numrange with sig. 'omm' on line 7233.
=======
. Defining command \numrange with sig. 'omm' on line 7278.
>>>>>>> 289fccc2a37dc7ce1180f363be63d8849d90e153:LaTeX/Trend_Analysis.log
.................................................
.................................................
. LaTeX info: "xparse/define-command"
. 
<<<<<<< HEAD:LaTeX/Trend_Analysis_2_col.log
. Defining command \SIlist with sig. 'o>{\SplitList {;}}mm' on line 7252.
||||||| merged common ancestors
. Defining command \SIlist with sig. 'o>{\SplitList {;}}mm' on line 7244.
=======
. Defining command \SIlist with sig. 'o>{\SplitList {;}}mm' on line 7290.
>>>>>>> 289fccc2a37dc7ce1180f363be63d8849d90e153:LaTeX/Trend_Analysis.log
.................................................
.................................................
. LaTeX info: "xparse/define-command"
. 
<<<<<<< HEAD:LaTeX/Trend_Analysis_2_col.log
. Defining command \SIrange with sig. 'ommm' on line 7263.
||||||| merged common ancestors
. Defining command \SIrange with sig. 'ommm' on line 7255.
=======
. Defining command \SIrange with sig. 'ommm' on line 7302.
>>>>>>> 289fccc2a37dc7ce1180f363be63d8849d90e153:LaTeX/Trend_Analysis.log
.................................................
.................................................
. LaTeX info: "xparse/define-command"
. 
<<<<<<< HEAD:LaTeX/Trend_Analysis_2_col.log
. Defining command \SI with sig. 'omom' on line 7274.
||||||| merged common ancestors
. Defining command \SI with sig. 'omom' on line 7266.
=======
. Defining command \SI with sig. 'omom' on line 7314.
>>>>>>> 289fccc2a37dc7ce1180f363be63d8849d90e153:LaTeX/Trend_Analysis.log
.................................................
.................................................
. LaTeX info: "xparse/define-command"
. 
<<<<<<< HEAD:LaTeX/Trend_Analysis_2_col.log
. Defining command \sisetup with sig. 'm' on line 7277.
||||||| merged common ancestors
. Defining command \sisetup with sig. 'm' on line 7269.
=======
. Defining command \sisetup with sig. 'm' on line 7317.
>>>>>>> 289fccc2a37dc7ce1180f363be63d8849d90e153:LaTeX/Trend_Analysis.log
.................................................
.................................................
. LaTeX info: "xparse/define-command"
. 
<<<<<<< HEAD:LaTeX/Trend_Analysis_2_col.log
. Defining command \tablenum with sig. 'om' on line 7289.
||||||| merged common ancestors
. Defining command \tablenum with sig. 'om' on line 7281.
=======
. Defining command \tablenum with sig. 'om' on line 7332.
>>>>>>> 289fccc2a37dc7ce1180f363be63d8849d90e153:LaTeX/Trend_Analysis.log
.................................................
.................................................
. LaTeX info: "xparse/define-command"
. 
<<<<<<< HEAD:LaTeX/Trend_Analysis_2_col.log
. Defining command \si with sig. 'om' on line 7300.
||||||| merged common ancestors
. Defining command \si with sig. 'om' on line 7292.
=======
. Defining command \si with sig. 'om' on line 7344.
>>>>>>> 289fccc2a37dc7ce1180f363be63d8849d90e153:LaTeX/Trend_Analysis.log
.................................................
.................................................
. LaTeX info: "xparse/define-command"
. 
<<<<<<< HEAD:LaTeX/Trend_Analysis_2_col.log
. Defining command \__siunitx_bookmark_num:w with sig. 'om' on line 7347.
||||||| merged common ancestors
. Defining command \__siunitx_bookmark_num:w with sig. 'om' on line 7339.
=======
. Defining command \__siunitx_bookmark_num:w with sig. 'om' on line 7391.
>>>>>>> 289fccc2a37dc7ce1180f363be63d8849d90e153:LaTeX/Trend_Analysis.log
.................................................
.................................................
. LaTeX info: "xparse/define-command"
. 
. Defining command \__siunitx_bookmark_numrange:w with sig. 'omm' on line
<<<<<<< HEAD:LaTeX/Trend_Analysis_2_col.log
. 7349.
||||||| merged common ancestors
. 7341.
=======
. 7393.
>>>>>>> 289fccc2a37dc7ce1180f363be63d8849d90e153:LaTeX/Trend_Analysis.log
.................................................
.................................................
. LaTeX info: "xparse/define-command"
. 
<<<<<<< HEAD:LaTeX/Trend_Analysis_2_col.log
. Defining command \__siunitx_bookmark_SI:w with sig. 'omom' on line 7351.
||||||| merged common ancestors
. Defining command \__siunitx_bookmark_SI:w with sig. 'omom' on line 7343.
=======
. Defining command \__siunitx_bookmark_SI:w with sig. 'omom' on line 7395.
>>>>>>> 289fccc2a37dc7ce1180f363be63d8849d90e153:LaTeX/Trend_Analysis.log
.................................................
.................................................
. LaTeX info: "xparse/define-command"
. 
<<<<<<< HEAD:LaTeX/Trend_Analysis_2_col.log
. Defining command \__siunitx_bookmark_SIlist:w with sig. 'omm' on line 7353.
||||||| merged common ancestors
. Defining command \__siunitx_bookmark_SIlist:w with sig. 'omm' on line 7345.
=======
. Defining command \__siunitx_bookmark_SIlist:w with sig. 'omm' on line 7397.
>>>>>>> 289fccc2a37dc7ce1180f363be63d8849d90e153:LaTeX/Trend_Analysis.log
.................................................
.................................................
. LaTeX info: "xparse/define-command"
. 
. Defining command \__siunitx_bookmark_SIrange:w with sig. 'ommm' on line
<<<<<<< HEAD:LaTeX/Trend_Analysis_2_col.log
. 7355.
||||||| merged common ancestors
. 7347.
=======
. 7399.
>>>>>>> 289fccc2a37dc7ce1180f363be63d8849d90e153:LaTeX/Trend_Analysis.log
.................................................
.................................................
. LaTeX info: "xparse/define-command"
. 
<<<<<<< HEAD:LaTeX/Trend_Analysis_2_col.log
. Defining command \__siunitx_bookmark_si:w with sig. 'om' on line 7356.
||||||| merged common ancestors
. Defining command \__siunitx_bookmark_si:w with sig. 'om' on line 7348.
=======
. Defining command \__siunitx_bookmark_si:w with sig. 'om' on line 7400.
>>>>>>> 289fccc2a37dc7ce1180f363be63d8849d90e153:LaTeX/Trend_Analysis.log
.................................................
\g__file_internal_ior=\read1
<<<<<<< HEAD:LaTeX/Trend_Analysis_2_col.log
(/usr/local/texlive/2015/texmf-dist/tex/latex/beamer/translator/translator.sty
Package: translator 2010/06/12 ver 1.10

(/usr/local/texlive/2015/texmf-dist/tex/latex/beamer/translator/translator-lang
uage-mappings.tex)))
(/usr/local/texlive/2015/texmf-dist/tex/latex/microtype/microtype.sty
Package: microtype 2013/05/23 v2.5a Micro-typographical refinements (RS)
\MT@toks=\toks22
\MT@count=\count159
LaTeX Info: Redefining \textls on input line 766.
\MT@outer@kern=\dimen168
LaTeX Info: Redefining \textmicrotypecontext on input line 1285.
\MT@listname@count=\count160

(/usr/local/texlive/2015/texmf-dist/tex/latex/microtype/microtype-pdftex.def
File: microtype-pdftex.def 2013/05/23 v2.5a Definitions specific to pdftex (RS)

LaTeX Info: Redefining \lsstyle on input line 915.
LaTeX Info: Redefining \lslig on input line 915.
\MT@outer@space=\skip64
)
Package microtype Info: Loading configuration file microtype.cfg.

(/usr/local/texlive/2015/texmf-dist/tex/latex/microtype/microtype.cfg
File: microtype.cfg 2013/05/23 v2.5a microtype main configuration file (RS)
))
(./Trend_Analysis_2_col.aux)
\openout1 = `Trend_Analysis_2_col.aux'.

LaTeX Font Info:    Checking defaults for OML/cmm/m/it on input line 31.
LaTeX Font Info:    ... okay on input line 31.
LaTeX Font Info:    Checking defaults for T1/cmr/m/n on input line 31.
LaTeX Font Info:    ... okay on input line 31.
LaTeX Font Info:    Checking defaults for OT1/cmr/m/n on input line 31.
LaTeX Font Info:    ... okay on input line 31.
LaTeX Font Info:    Checking defaults for OMS/cmsy/m/n on input line 31.
LaTeX Font Info:    ... okay on input line 31.
LaTeX Font Info:    Checking defaults for OMX/cmex/m/n on input line 31.
LaTeX Font Info:    ... okay on input line 31.
LaTeX Font Info:    Checking defaults for U/cmr/m/n on input line 31.
LaTeX Font Info:    ... okay on input line 31.
LaTeX Font Info:    Try loading font information for OT1+ptm on input line 31.
||||||| merged common ancestors
) (./Trend_Analysis.aux)
\openout1 = `Trend_Analysis.aux'.

LaTeX Font Info:    Checking defaults for OML/cmm/m/it on input line 29.
LaTeX Font Info:    ... okay on input line 29.
LaTeX Font Info:    Checking defaults for T1/cmr/m/n on input line 29.
LaTeX Font Info:    ... okay on input line 29.
LaTeX Font Info:    Checking defaults for OT1/cmr/m/n on input line 29.
LaTeX Font Info:    ... okay on input line 29.
LaTeX Font Info:    Checking defaults for OMS/cmsy/m/n on input line 29.
LaTeX Font Info:    ... okay on input line 29.
LaTeX Font Info:    Checking defaults for OMX/cmex/m/n on input line 29.
LaTeX Font Info:    ... okay on input line 29.
LaTeX Font Info:    Checking defaults for U/cmr/m/n on input line 29.
LaTeX Font Info:    ... okay on input line 29.
LaTeX Font Info:    Try loading font information for OT1+ptm on input line 29.
=======

(/usr/share/texlive/texmf-dist/tex/latex/beamer/translator/translator.sty
Package: translator 2010/06/12 ver 1.10

(/usr/share/texlive/texmf-dist/tex/latex/beamer/translator/translator-language-
mappings.tex))) (./Trend_Analysis.aux)
\openout1 = `Trend_Analysis.aux'.

LaTeX Font Info:    Checking defaults for OML/cmm/m/it on input line 29.
LaTeX Font Info:    ... okay on input line 29.
LaTeX Font Info:    Checking defaults for T1/cmr/m/n on input line 29.
LaTeX Font Info:    ... okay on input line 29.
LaTeX Font Info:    Checking defaults for OT1/cmr/m/n on input line 29.
LaTeX Font Info:    ... okay on input line 29.
LaTeX Font Info:    Checking defaults for OMS/cmsy/m/n on input line 29.
LaTeX Font Info:    ... okay on input line 29.
LaTeX Font Info:    Checking defaults for OMX/cmex/m/n on input line 29.
LaTeX Font Info:    ... okay on input line 29.
LaTeX Font Info:    Checking defaults for U/cmr/m/n on input line 29.
LaTeX Font Info:    ... okay on input line 29.
LaTeX Font Info:    Try loading font information for OT1+ptm on input line 29.
>>>>>>> 289fccc2a37dc7ce1180f363be63d8849d90e153:LaTeX/Trend_Analysis.log

(/usr/share/texlive/texmf-dist/tex/latex/psnfss/ot1ptm.fd
File: ot1ptm.fd 2001/06/04 font definitions for OT1/ptm.
)
(/usr/share/texlive/texmf-dist/tex/context/base/supp-pdf.mkii
[Loading MPS to PDF converter (version 2006.09.02).]
\scratchcounter=\count161
\scratchdimen=\dimen169
\scratchbox=\box77
\nofMPsegments=\count162
\nofMParguments=\count163
\everyMPshowfont=\toks23
\MPscratchCnt=\count164
\MPscratchDim=\dimen170
\MPnumerator=\count165
\makeMPintoPDFobject=\count166
\everyMPtoPDFconversion=\toks24
) (/usr/share/texlive/texmf-dist/tex/generic/oberdiek/pdftexcmds.sty
Package: pdftexcmds 2011/11/29 v0.20 Utility functions of pdfTeX for LuaTeX (HO
)

(/usr/share/texlive/texmf-dist/tex/generic/oberdiek/ifluatex.sty
Package: ifluatex 2010/03/01 v1.3 Provides the ifluatex switch (HO)
Package ifluatex Info: LuaTeX not detected.
)
(/usr/share/texlive/texmf-dist/tex/generic/oberdiek/ifpdf.sty
Package: ifpdf 2011/01/30 v2.3 Provides the ifpdf switch (HO)
Package ifpdf Info: pdfTeX in PDF mode is detected.
)
Package pdftexcmds Info: LuaTeX not detected.
Package pdftexcmds Info: \pdf@primitive is available.
Package pdftexcmds Info: \pdf@ifprimitive is available.
Package pdftexcmds Info: \pdfdraftmode found.
)
(/usr/share/texlive/texmf-dist/tex/latex/oberdiek/epstopdf-base.sty
Package: epstopdf-base 2010/02/09 v2.5 Base part for package epstopdf

(/usr/share/texlive/texmf-dist/tex/latex/oberdiek/grfext.sty
Package: grfext 2010/08/19 v1.1 Manage graphics extensions (HO)

(/usr/share/texlive/texmf-dist/tex/generic/oberdiek/kvdefinekeys.sty
Package: kvdefinekeys 2011/04/07 v1.3 Define keys (HO)
))
(/usr/share/texlive/texmf-dist/tex/latex/oberdiek/kvoptions.sty
Package: kvoptions 2011/06/30 v3.11 Key value format for package options (HO)

(/usr/share/texlive/texmf-dist/tex/generic/oberdiek/kvsetkeys.sty
Package: kvsetkeys 2012/04/25 v1.16 Key value parser (HO)

(/usr/share/texlive/texmf-dist/tex/generic/oberdiek/etexcmds.sty
Package: etexcmds 2011/02/16 v1.5 Avoid name clashes with e-TeX commands (HO)
Package etexcmds Info: Could not find \expanded.
(etexcmds)             That can mean that you are not using pdfTeX 1.50 or
(etexcmds)             that some package has redefined \expanded.
(etexcmds)             In the latter case, load this package earlier.
)))
Package grfext Info: Graphics extension search list:
(grfext)             [.png,.pdf,.jpg,.mps,.jpeg,.jbig2,.jb2,.PNG,.PDF,.JPG,.JPE
G,.JBIG2,.JB2,.eps]
(grfext)             \AppendGraphicsExtensions on input line 452.

(/usr/share/texlive/texmf-dist/tex/latex/latexconfig/epstopdf-sys.cfg
File: epstopdf-sys.cfg 2010/07/13 v1.3 Configuration of (r)epstopdf for TeX Liv
e
))
<<<<<<< HEAD:LaTeX/Trend_Analysis_2_col.log
(/usr/local/texlive/2015/texmf-dist/tex/latex/beamer/translator/dicts/translato
r-basic-dictionary/translator-basic-dictionary-English.dict
Dictionary: translator-basic-dictionary, Language: English 
||||||| merged common ancestors
(/usr/local/texlive/2015/texmf-dist/tex/latex/siunitx/siunitx-abbreviations.cfg
File: siunitx-abbreviations.cfg 2015/01/21 v2.6e siunitx: Abbreviated units
=======
(/usr/share/texlive/texmf-dist/tex/latex/beamer/translator/dicts/translator-bas
ic-dictionary/translator-basic-dictionary-English.dict
Dictionary: translator-basic-dictionary, Language: English 
)
(/usr/share/texlive/texmf-dist/tex/latex/siunitx/siunitx-abbreviations.cfg
File: siunitx-abbreviations.cfg 2016/03/01 v2.6q siunitx: Abbreviated units
>>>>>>> 289fccc2a37dc7ce1180f363be63d8849d90e153:LaTeX/Trend_Analysis.log
)
(/usr/local/texlive/2015/texmf-dist/tex/latex/siunitx/siunitx-abbreviations.cfg
File: siunitx-abbreviations.cfg 2015/07/17 v2.6h siunitx: Abbreviated units
)
LaTeX Info: Redefining \microtypecontext on input line 31.
Package microtype Info: Generating PDF output.
Package microtype Info: Character protrusion enabled (level 2).
Package microtype Info: Using default protrusion set `alltext'.
Package microtype Info: Automatic font expansion enabled (level 2),
(microtype)             stretch: 20, shrink: 20, step: 1, non-selected.
Package microtype Info: Using default expansion set `basictext'.
Package microtype Info: No adjustment of tracking.
Package microtype Info: No adjustment of interword spacing.
Package microtype Info: No adjustment of character kerning.
 (/usr/local/texlive/2015/texmf-dist/tex/latex/microtype/mt-ptm.cfg
File: mt-ptm.cfg 2006/04/20 v1.7 microtype config. file: Times (RS)
)
\c__siunitx_mathsf_int=\count167
LaTeX Font Info:    Calculating math sizes for size <9.85> on input line 31.
LaTeX Font Info:    Try loading font information for OT1+ztmcm on input line 31
.
<<<<<<< HEAD:LaTeX/Trend_Analysis_2_col.log

(/usr/local/texlive/2015/texmf-dist/tex/latex/psnfss/ot1ztmcm.fd
||||||| merged common ancestors
 (/usr/local/texlive/2015/texmf-dist/tex/latex/psnfss/ot1ztmcm.fd
=======

(/usr/share/texlive/texmf-dist/tex/latex/psnfss/ot1ztmcm.fd
>>>>>>> 289fccc2a37dc7ce1180f363be63d8849d90e153:LaTeX/Trend_Analysis.log
File: ot1ztmcm.fd 2000/01/03 Fontinst v1.801 font definitions for OT1/ztmcm.
)
Package microtype Info: Loading generic settings for font family
(microtype)             `ztmcm' (encoding: OT1).
(microtype)             For optimal results, create family-specific settings.
(microtype)             See the microtype manual for details.
LaTeX Font Info:    Try loading font information for OML+ztmcm on input line 31
.

(/usr/share/texlive/texmf-dist/tex/latex/psnfss/omlztmcm.fd
File: omlztmcm.fd 2000/01/03 Fontinst v1.801 font definitions for OML/ztmcm.
)
LaTeX Font Info:    Try loading font information for OMS+ztmcm on input line 31
.

(/usr/share/texlive/texmf-dist/tex/latex/psnfss/omsztmcm.fd
File: omsztmcm.fd 2000/01/03 Fontinst v1.801 font definitions for OMS/ztmcm.
)
LaTeX Font Info:    Try loading font information for OMX+ztmcm on input line 31
.

(/usr/share/texlive/texmf-dist/tex/latex/psnfss/omxztmcm.fd
File: omxztmcm.fd 2000/01/03 Fontinst v1.801 font definitions for OMX/ztmcm.
)
<<<<<<< HEAD:LaTeX/Trend_Analysis_2_col.log
(/usr/local/texlive/2015/texmf-dist/tex/latex/microtype/mt-msa.cfg
File: mt-msa.cfg 2006/02/04 v1.1 microtype config. file: AMS symbols (a) (RS)
||||||| merged common ancestors
LaTeX Font Info:    Font shape `OT1/ptm/bx/n' in size <12> not available
(Font)              Font shape `OT1/ptm/b/n' tried instead on input line 29.
LaTeX Font Info:    Font shape `OT1/ptm/bx/n' in size <9> not available
(Font)              Font shape `OT1/ptm/b/n' tried instead on input line 29.
LaTeX Font Info:    Font shape `OT1/ptm/bx/n' in size <7> not available
(Font)              Font shape `OT1/ptm/b/n' tried instead on input line 29.
\c__siunitx_mathtt_int=\count177
LaTeX Font Info:    Font shape `OT1/ptm/bx/n' in size <14.4> not available
(Font)              Font shape `OT1/ptm/b/n' tried instead on input line 31.
LaTeX Font Info:    Try loading font information for OT1+phv on input line 31.

(/usr/local/texlive/2015/texmf-dist/tex/latex/psnfss/ot1phv.fd
File: ot1phv.fd 2001/06/04 scalable font definitions for OT1/phv.
=======
LaTeX Font Info:    Font shape `OT1/ptm/bx/n' in size <12> not available
(Font)              Font shape `OT1/ptm/b/n' tried instead on input line 29.
LaTeX Font Info:    Font shape `OT1/ptm/bx/n' in size <9> not available
(Font)              Font shape `OT1/ptm/b/n' tried instead on input line 29.
LaTeX Font Info:    Font shape `OT1/ptm/bx/n' in size <7> not available
(Font)              Font shape `OT1/ptm/b/n' tried instead on input line 29.
\c__siunitx_mathtt_int=\count177
LaTeX Font Info:    Font shape `OT1/ptm/bx/n' in size <14.4> not available
(Font)              Font shape `OT1/ptm/b/n' tried instead on input line 31.
LaTeX Font Info:    Try loading font information for OT1+phv on input line 31.

(/usr/share/texlive/texmf-dist/tex/latex/psnfss/ot1phv.fd
File: ot1phv.fd 2001/06/04 scalable font definitions for OT1/phv.
>>>>>>> 289fccc2a37dc7ce1180f363be63d8849d90e153:LaTeX/Trend_Analysis.log
)
(/usr/local/texlive/2015/texmf-dist/tex/latex/microtype/mt-msb.cfg
File: mt-msb.cfg 2005/06/01 v1.0 microtype config. file: AMS symbols (b) (RS)
)
(/usr/local/texlive/2015/texmf-dist/tex/latex/microtype/mt-cmr.cfg
File: mt-cmr.cfg 2013/05/19 v2.2 microtype config. file: Computer Modern Roman 
(RS)
)
LaTeX Font Info:    Font shape `OT1/ptm/bx/n' in size <9.85> not available
(Font)              Font shape `OT1/ptm/b/n' tried instead on input line 31.
LaTeX Font Info:    Font shape `OT1/ptm/bx/n' in size <7.28905> not available
(Font)              Font shape `OT1/ptm/b/n' tried instead on input line 31.
LaTeX Font Info:    Font shape `OT1/ptm/bx/n' in size <5.91005> not available
(Font)              Font shape `OT1/ptm/b/n' tried instead on input line 31.
<<<<<<< HEAD:LaTeX/Trend_Analysis_2_col.log
Package microtype Info: Loading generic settings for font family
(microtype)             `cmss' (encoding: OT1).
(microtype)             For optimal results, create family-specific settings.
(microtype)             See the microtype manual for details.
\c__siunitx_mathtt_int=\count168
Package microtype Info: Loading generic settings for font family
(microtype)             `cmtt' (encoding: OT1).
(microtype)             For optimal results, create family-specific settings.
(microtype)             See the microtype manual for details.
LaTeX Font Info:    Font shape `OT1/ptm/bx/n' in size <12> not available
(Font)              Font shape `OT1/ptm/b/n' tried instead on input line 33.
LaTeX Font Info:    Try loading font information for OMS+ptm on input line 33.
||||||| merged common ancestors
[1{/usr/local/texlive/2015/texmf-var/fonts/map/pdftex/updmap/pdftex.map}]
LaTeX Font Info:    Try loading font information for OML+ptm on input line 31.
=======
[1{/var/lib/texmf/fonts/map/pdftex/updmap/pdftex.map}]
LaTeX Font Info:    Try loading font information for OML+ptm on input line 31.
>>>>>>> 289fccc2a37dc7ce1180f363be63d8849d90e153:LaTeX/Trend_Analysis.log

<<<<<<< HEAD:LaTeX/Trend_Analysis_2_col.log
(/usr/local/texlive/2015/texmf-dist/tex/latex/psnfss/omsptm.fd
File: omsptm.fd 
||||||| merged common ancestors
(/usr/local/texlive/2015/texmf-dist/tex/latex/psnfss/omlptm.fd
File: omlptm.fd 
=======
(/usr/share/texlive/texmf-dist/tex/latex/psnfss/omlptm.fd
File: omlptm.fd 
>>>>>>> 289fccc2a37dc7ce1180f363be63d8849d90e153:LaTeX/Trend_Analysis.log
)
LaTeX Font Info:    Font shape `OMS/ptm/m/n' in size <7.28905> not available
(Font)              Font shape `OMS/cmsy/m/n' tried instead on input line 33.
LaTeX Font Info:    Calculating math sizes for size <8.5> on input line 33.


LaTeX Font Warning: Font shape `OT1/cmss/m/n' in size <8.5> not available
(Font)              size <8> substituted on input line 33.


LaTeX Font Warning: Font shape `OT1/cmtt/m/n' in size <8.5> not available
(Font)              size <8> substituted on input line 33.


LaTeX Font Warning: Font shape `OT1/cmr/bx/n' in size <8.5> not available
(Font)              size <8> substituted on input line 33.


LaTeX Font Warning: Font shape `OML/cmm/b/it' in size <8.5> not available
(Font)              size <8> substituted on input line 33.


LaTeX Font Warning: Font shape `OMS/cmsy/b/n' in size <8.5> not available
(Font)              size <8> substituted on input line 33.

LaTeX Font Info:    Font shape `OT1/ptm/bx/n' in size <8.5> not available
(Font)              Font shape `OT1/ptm/b/n' tried instead on input line 33.
LaTeX Font Info:    Font shape `OT1/ptm/bx/n' in size <6.29004> not available
(Font)              Font shape `OT1/ptm/b/n' tried instead on input line 33.
LaTeX Font Info:    Font shape `OT1/ptm/bx/n' in size <5.10005> not available
(Font)              Font shape `OT1/ptm/b/n' tried instead on input line 33.
LaTeX Font Info:    Try loading font information for OML+ptm on input line 33.
(/usr/local/texlive/2015/texmf-dist/tex/latex/psnfss/omlptm.fd
File: omlptm.fd 
)
LaTeX Font Info:    Font shape `OML/ptm/m/n' in size <8.5> not available
(Font)              Font shape `OML/cmm/m/it' tried instead on input line 33.


LaTeX Font Warning: Font shape `OML/cmm/m/it' in size <8.5> not available
(Font)              size <8> substituted on input line 33.

LaTeX Font Info:    Font shape `OT1/ptm/bx/n' in size <8> not available
(Font)              Font shape `OT1/ptm/b/n' tried instead on input line 33.
LaTeX Font Info:    Font shape `OT1/ptm/bx/n' in size <6> not available
(Font)              Font shape `OT1/ptm/b/n' tried instead on input line 33.
LaTeX Font Info:    Font shape `OT1/ptm/bx/n' in size <5> not available
(Font)              Font shape `OT1/ptm/b/n' tried instead on input line 33.
LaTeX Font Info:    Font shape `OMS/ptm/m/n' in size <6> not available
(Font)              Font shape `OMS/cmsy/m/n' tried instead on input line 33.

Overfull \vbox (17.2106pt too high) has occurred while \output is active []


Underfull \vbox (badness 10000) has occurred while \output is active []

LaTeX Font Info:    Font shape `OT1/ptm/bx/n' in size <9> not available
(Font)              Font shape `OT1/ptm/b/n' tried instead on input line 41.
LaTeX Font Info:    Font shape `OT1/ptm/bx/n' in size <7> not available
(Font)              Font shape `OT1/ptm/b/n' tried instead on input line 41.
 [1{/Users/ajsmit/Library/texlive/2015/texmf-var/fonts/map/pdftex/updmap/pdftex
.map}


]
<figure01.pdf, id=15, 578.16pt x 361.35pt>
File: figure01.pdf Graphic file (type pdf)
 <use figure01.pdf>
Package pdftex.def Info: figure01.pdf used on input line 50.
(pdftex.def)             Requested size: 210.59857pt x 131.62424pt.

Underfull \vbox (badness 10000) has occurred while \output is active []

 [2 <./figure01.pdf>]
Missing character: There is no  in font ptmr7t!
Missing character: There is no  in font ptmr7t!
Missing character: There is no  in font ptmr7t!
Missing character: There is no  in font ptmr7t!
Missing character: There is no  in font ptmr7t!
Missing character: There is no  in font ptmr7t!
 [3] <figure02.pdf, id=33, 578.16pt x 234.8775pt>
File: figure02.pdf Graphic file (type pdf)
 <use figure02.pdf>
Package pdftex.def Info: figure02.pdf used on input line 96.
(pdftex.def)             Requested size: 210.59857pt x 85.55574pt.

<figure03.pdf, id=34, 505.89pt x 325.215pt>
File: figure03.pdf Graphic file (type pdf)
 <use figure03.pdf>
<<<<<<< HEAD:LaTeX/Trend_Analysis_2_col.log
Package pdftex.def Info: figure03.pdf used on input line 102.
(pdftex.def)             Requested size: 210.59857pt x 135.38847pt.
LaTeX Font Info:    Font shape `OML/ptm/m/n' in size <9.85> not available
(Font)              Font shape `OML/cmm/m/it' tried instead on input line 109.
 [4 <./figure02.pdf> <./figure03.pdf>] <figure04.pdf, id=58, 578.16pt x 216.81p
t>
||||||| merged common ancestors
Package pdftex.def Info: figure03.pdf used on input line 16.
(pdftex.def)             Requested size: 468.0pt x 300.86382pt.

[29 <./figure03.pdf>] <figure04.pdf, id=136, 578.16pt x 216.81pt>
=======
Package pdftex.def Info: figure03.pdf used on input line 16.
(pdftex.def)             Requested size: 468.0pt x 300.86382pt.

[29 <./figure03.pdf>] <figure04.pdf, id=132, 578.16pt x 144.54pt>
>>>>>>> 289fccc2a37dc7ce1180f363be63d8849d90e153:LaTeX/Trend_Analysis.log
File: figure04.pdf Graphic file (type pdf)

<use figure04.pdf>
<<<<<<< HEAD:LaTeX/Trend_Analysis_2_col.log
Package pdftex.def Info: figure04.pdf used on input line 112.
(pdftex.def)             Requested size: 210.59857pt x 78.97453pt.
 <figure05.pdf, id=59, 361.35pt x 505.89pt>
||||||| merged common ancestors
Package pdftex.def Info: figure04.pdf used on input line 23.
(pdftex.def)             Requested size: 468.0pt x 175.49934pt.
 [30 <./figure04.pdf>]
<figure05.pdf, id=150, 361.35pt x 505.89pt>
=======
Package pdftex.def Info: figure04.pdf used on input line 23.
(pdftex.def)             Requested size: 468.0pt x 116.99954pt.
 [30 <./figure04.pdf>]
<figure05.pdf, id=146, 361.35pt x 505.89pt>
>>>>>>> 289fccc2a37dc7ce1180f363be63d8849d90e153:LaTeX/Trend_Analysis.log
File: figure05.pdf Graphic file (type pdf)
<<<<<<< HEAD:LaTeX/Trend_Analysis_2_col.log

<use figure05.pdf>
Package pdftex.def Info: figure05.pdf used on input line 118.
(pdftex.def)             Requested size: 210.59857pt x 294.83673pt.
 <figure06.pdf, id=60, 289.08pt x 144.54pt>
||||||| merged common ancestors
 <use figure05.pdf>
Package pdftex.def Info: figure05.pdf used on input line 30.
(pdftex.def)             Requested size: 304.19714pt x 425.87872pt.
 [31 <./figure05.pdf>] <figure06.pdf, id=166, 289.08pt x 144.54pt>
=======
 <use figure05.pdf>
Package pdftex.def Info: figure05.pdf used on input line 30.
(pdftex.def)             Requested size: 304.19714pt x 425.87872pt.


LaTeX Warning: Float too large for page by 3.61691pt on input line 33.

[31 <./figure05.pdf>] <figure06.pdf, id=161, 289.08pt x 144.54pt>
>>>>>>> 289fccc2a37dc7ce1180f363be63d8849d90e153:LaTeX/Trend_Analysis.log
File: figure06.pdf Graphic file (type pdf)
<<<<<<< HEAD:LaTeX/Trend_Analysis_2_col.log

<use figure06.pdf>
Package pdftex.def Info: figure06.pdf used on input line 124.
(pdftex.def)             Requested size: 210.59857pt x 105.29936pt.
 <figure07.pdf, id=61, 722.7pt x 433.62pt>
||||||| merged common ancestors
 <use figure06.pdf>
Package pdftex.def Info: figure06.pdf used on input line 37.
(pdftex.def)             Requested size: 304.19714pt x 152.10669pt.
 [32 <./figure06.pdf>] <figure07.pdf, id=180, 722.7pt x 433.62pt>
=======

<use figure06.pdf>
Package pdftex.def Info: figure06.pdf used on input line 37.
(pdftex.def)             Requested size: 304.19714pt x 152.10669pt.
 [32 <./figure06.pdf>]
<figure07.pdf, id=176, 722.7pt x 433.62pt>
>>>>>>> 289fccc2a37dc7ce1180f363be63d8849d90e153:LaTeX/Trend_Analysis.log
File: figure07.pdf Graphic file (type pdf)
<<<<<<< HEAD:LaTeX/Trend_Analysis_2_col.log

<use figure07.pdf>
Package pdftex.def Info: figure07.pdf used on input line 134.
(pdftex.def)             Requested size: 210.59857pt x 126.35529pt.
 [5 <./figure04.pdf> <./figure05.pdf> <./figure06.pdf>]
<figure08.pdf, id=95, 433.62pt x 216.81pt>
||||||| merged common ancestors
 <use figure07.pdf>
Package pdftex.def Info: figure07.pdf used on input line 44.
(pdftex.def)             Requested size: 468.0pt x 280.79764pt.

[33 <./figure07.pdf>] <figure08.pdf, id=194, 433.62pt x 216.81pt>
=======
 <use figure07.pdf>
Package pdftex.def Info: figure07.pdf used on input line 44.
(pdftex.def)             Requested size: 468.0pt x 280.79764pt.
 [33 <./figure07.pdf>] <figure08.pdf, id=190, 433.62pt x 216.81pt>
>>>>>>> 289fccc2a37dc7ce1180f363be63d8849d90e153:LaTeX/Trend_Analysis.log
File: figure08.pdf Graphic file (type pdf)
<<<<<<< HEAD:LaTeX/Trend_Analysis_2_col.log
 <use figure08.pdf>
Package pdftex.def Info: figure08.pdf used on input line 140.
(pdftex.def)             Requested size: 210.59857pt x 105.30159pt.
 [6 <./figure07.pdf> <./figure08.pdf>] [7] [8] [9] [10

] (./Trend_Analysis_2_col.aux)
||||||| merged common ancestors

<use figure08.pdf>
Package pdftex.def Info: figure08.pdf used on input line 51.
(pdftex.def)             Requested size: 468.0pt x 234.01236pt.
 [34 <./figure08.pdf>]) (./Trend_Analysis.aux)
=======
 <use figure08.pdf>
Package pdftex.def Info: figure08.pdf used on input line 51.
(pdftex.def)             Requested size: 468.0pt x 234.01236pt.
 [34 <./figure08.pdf>]) (./Trend_Analysis.aux)
>>>>>>> 289fccc2a37dc7ce1180f363be63d8849d90e153:LaTeX/Trend_Analysis.log

LaTeX Font Warning: Size substitutions with differences
(Font)              up to 1.45395pt have occurred.

 )
(\end occurred when \ifx on line 89 was incomplete)
(\end occurred when \ifx on line 89 was incomplete)
(\end occurred when \ifx on line 89 was incomplete)
(\end occurred when \ifx on line 89 was incomplete)
(\end occurred when \ifx on line 89 was incomplete)
(\end occurred when \ifx on line 71 was incomplete)
(\end occurred when \ifx on line 71 was incomplete)
(\end occurred when \ifx on line 71 was incomplete)
(\end occurred when \ifx on line 71 was incomplete)
(\end occurred when \ifx on line 71 was incomplete)
(\end occurred when \ifx on line 64 was incomplete)
(\end occurred when \ifx on line 64 was incomplete)
(\end occurred when \ifx on line 64 was incomplete)
(\end occurred when \ifx on line 64 was incomplete)
(\end occurred when \ifx on line 64 was incomplete) 
Here is how much of TeX's memory you used:
<<<<<<< HEAD:LaTeX/Trend_Analysis_2_col.log
 15187 strings out of 493091
 294508 string characters out of 6134964
 346346 words of memory out of 5000000
 18077 multiletter control sequences out of 15000+600000
 113024 words of font info for 467 fonts, out of 8000000 for 9000
||||||| merged common ancestors
 12862 strings out of 493089
 256292 string characters out of 6134842
 279157 words of memory out of 5000000
 16160 multiletter control sequences out of 15000+600000
 63776 words of font info for 153 fonts, out of 8000000 for 9000
=======
 13817 strings out of 493029
 270626 string characters out of 6136234
 290449 words of memory out of 5000000
 17154 multiletter control sequences out of 15000+600000
 63776 words of font info for 153 fonts, out of 8000000 for 9000
>>>>>>> 289fccc2a37dc7ce1180f363be63d8849d90e153:LaTeX/Trend_Analysis.log
 1141 hyphenation exceptions out of 8191
<<<<<<< HEAD:LaTeX/Trend_Analysis_2_col.log
 39i,13n,42p,10402b,954s stack positions out of 5000i,500n,10000p,200000b,80000s
{/usr/local/texlive/2015/tex
mf-dist/fonts/enc/dvips/base/8r.enc}</usr/local/texlive/2015/texmf-dist/fonts/t
ype1/public/amsfonts/cm/cmmi10.pfb></usr/local/texlive/2015/texmf-dist/fonts/ty
pe1/public/amsfonts/cm/cmmi8.pfb></usr/local/texlive/2015/texmf-dist/fonts/type
1/public/amsfonts/cm/cmr10.pfb></usr/local/texlive/2015/texmf-dist/fonts/type1/
public/amsfonts/cm/cmsy10.pfb></usr/local/texlive/2015/texmf-dist/fonts/type1/p
ublic/amsfonts/cm/cmsy6.pfb></usr/local/texlive/2015/texmf-dist/fonts/type1/pub
lic/amsfonts/cm/cmsy7.pfb></usr/local/texlive/2015/texmf-dist/fonts/type1/publi
c/amsfonts/cm/cmtt10.pfb></usr/local/texlive/2015/texmf-dist/fonts/type1/public
/amsfonts/cm/cmtt8.pfb></usr/local/texlive/2015/texmf-dist/fonts/type1/urw/symb
ol/usyr.pfb></usr/local/texlive/2015/texmf-dist/fonts/type1/urw/times/utmb8a.pf
b></usr/local/texlive/2015/texmf-dist/fonts/type1/urw/times/utmr8a.pfb></usr/lo
cal/texlive/2015/texmf-dist/fonts/type1/urw/times/utmri8a.pfb>
Output written on Trend_Analysis_2_col.pdf (10 pages, 674163 bytes).
||||||| merged common ancestors
 40i,10n,39p,10395b,1014s stack positions out of 5000i,500n,10000p,200000b,80000s
{/usr/local/texlive/2015/texmf-dist/fonts/enc/dvips/base/8r.enc}</usr/local/t
exlive/2015/texmf-dist/fonts/type1/public/amsfonts/cm/cmmi10.pfb></usr/local/te
xlive/2015/texmf-dist/fonts/type1/public/amsfonts/cm/cmmi12.pfb></usr/local/tex
live/2015/texmf-dist/fonts/type1/public/amsfonts/cm/cmr10.pfb></usr/local/texli
ve/2015/texmf-dist/fonts/type1/public/amsfonts/cm/cmsy10.pfb></usr/local/texliv
e/2015/texmf-dist/fonts/type1/public/amsfonts/cm/cmtt10.pfb></usr/local/texlive
/2015/texmf-dist/fonts/type1/public/amsfonts/cm/cmtt12.pfb></usr/local/texlive/
2015/texmf-dist/fonts/type1/urw/helvetic/uhvr8a.pfb></usr/local/texlive/2015/te
xmf-dist/fonts/type1/urw/symbol/usyr.pfb></usr/local/texlive/2015/texmf-dist/fo
nts/type1/urw/times/utmb8a.pfb></usr/local/texlive/2015/texmf-dist/fonts/type1/
urw/times/utmr8a.pfb></usr/local/texlive/2015/texmf-dist/fonts/type1/urw/times/
utmri8a.pfb>
Output written on Trend_Analysis.pdf (34 pages, 671616 bytes).
=======
 40i,10n,42p,10379b,1014s stack positions out of 5000i,500n,10000p,200000b,80000s
{/usr/share/texlive/texmf-dist/fonts/enc/dvips/base/8r.enc}</usr/share/texliv
e/texmf-dist/fonts/type1/public/amsfonts/cm/cmmi10.pfb></usr/share/texlive/texm
f-dist/fonts/type1/public/amsfonts/cm/cmmi12.pfb></usr/share/texlive/texmf-dist
/fonts/type1/public/amsfonts/cm/cmr10.pfb></usr/share/texlive/texmf-dist/fonts/
type1/public/amsfonts/cm/cmsy10.pfb></usr/share/texlive/texmf-dist/fonts/type1/
public/amsfonts/cm/cmtt10.pfb></usr/share/texlive/texmf-dist/fonts/type1/public
/amsfonts/cm/cmtt12.pfb></usr/share/texlive/texmf-dist/fonts/type1/urw/helvetic
/uhvr8a.pfb></usr/share/texlive/texmf-dist/fonts/type1/urw/symbol/usyr.pfb></us
r/share/texlive/texmf-dist/fonts/type1/urw/times/utmb8a.pfb></usr/share/texlive
/texmf-dist/fonts/type1/urw/times/utmr8a.pfb></usr/share/texlive/texmf-dist/fon
ts/type1/urw/times/utmri8a.pfb>
Output written on Trend_Analysis.pdf (34 pages, 642609 bytes).
>>>>>>> 289fccc2a37dc7ce1180f363be63d8849d90e153:LaTeX/Trend_Analysis.log
PDF statistics:
<<<<<<< HEAD:LaTeX/Trend_Analysis_2_col.log
 168 PDF objects out of 1000 (max. 8388607)
 123 compressed objects within 2 object streams
||||||| merged common ancestors
 240 PDF objects out of 1000 (max. 8388607)
 172 compressed objects within 2 object streams
=======
 236 PDF objects out of 1000 (max. 8388607)
 169 compressed objects within 2 object streams
>>>>>>> 289fccc2a37dc7ce1180f363be63d8849d90e153:LaTeX/Trend_Analysis.log
 0 named destinations out of 1000 (max. 500000)
 67113 words of extra memory for PDF output out of 74296 (max. 10000000)

